{"C:\\Users\\under\\OneDrive\\Documentos\\github\\react-certification-2020\\src\\components\\Video\\VideoSelected.js": {"path":"C:\\Users\\under\\OneDrive\\Documentos\\github\\react-certification-2020\\src\\components\\Video\\VideoSelected.js","statementMap":{"0":{"start":{"line":6,"column":22},"end":{"line":97,"column":1}},"1":{"start":{"line":7,"column":21},"end":{"line":7,"column":34}},"2":{"start":{"line":8,"column":36},"end":{"line":8,"column":46}},"3":{"start":{"line":9,"column":18},"end":{"line":9,"column":30}},"4":{"start":{"line":10,"column":18},"end":{"line":10,"column":29}},"5":{"start":{"line":11,"column":4},"end":{"line":13,"column":5}},"6":{"start":{"line":12,"column":8},"end":{"line":12,"column":37}},"7":{"start":{"line":15,"column":20},"end":{"line":15,"column":36}},"8":{"start":{"line":16,"column":16},"end":{"line":16,"column":58}},"9":{"start":{"line":18,"column":28},"end":{"line":32,"column":5}},"10":{"start":{"line":19,"column":24},"end":{"line":19,"column":100}},"11":{"start":{"line":21,"column":19},"end":{"line":21,"column":21}},"12":{"start":{"line":22,"column":6},"end":{"line":24,"column":7}},"13":{"start":{"line":23,"column":9},"end":{"line":23,"column":40}},"14":{"start":{"line":25,"column":6},"end":{"line":29,"column":7}},"15":{"start":{"line":25,"column":19},"end":{"line":25,"column":20}},"16":{"start":{"line":26,"column":8},"end":{"line":28,"column":9}},"17":{"start":{"line":27,"column":10},"end":{"line":27,"column":22}},"18":{"start":{"line":30,"column":6},"end":{"line":30,"column":19}},"19":{"start":{"line":34,"column":24},"end":{"line":36,"column":5}},"20":{"start":{"line":35,"column":6},"end":{"line":35,"column":31}},"21":{"start":{"line":38,"column":30},"end":{"line":59,"column":5}},"22":{"start":{"line":39,"column":24},"end":{"line":39,"column":100}},"23":{"start":{"line":41,"column":19},"end":{"line":41,"column":21}},"24":{"start":{"line":42,"column":6},"end":{"line":44,"column":7}},"25":{"start":{"line":43,"column":9},"end":{"line":43,"column":40}},"26":{"start":{"line":45,"column":6},"end":{"line":49,"column":7}},"27":{"start":{"line":45,"column":19},"end":{"line":45,"column":20}},"28":{"start":{"line":46,"column":8},"end":{"line":48,"column":9}},"29":{"start":{"line":47,"column":10},"end":{"line":47,"column":30}},"30":{"start":{"line":50,"column":6},"end":{"line":50,"column":64}},"31":{"start":{"line":51,"column":6},"end":{"line":56,"column":7}},"32":{"start":{"line":52,"column":8},"end":{"line":52,"column":30}},"33":{"start":{"line":55,"column":8},"end":{"line":55,"column":31}},"34":{"start":{"line":61,"column":4},"end":{"line":96,"column":6}}},"fnMap":{"0":{"name":"(anonymous_0)","decl":{"start":{"line":6,"column":22},"end":{"line":6,"column":23}},"loc":{"start":{"line":6,"column":33},"end":{"line":97,"column":1}},"line":6},"1":{"name":"(anonymous_1)","decl":{"start":{"line":18,"column":28},"end":{"line":18,"column":29}},"loc":{"start":{"line":18,"column":34},"end":{"line":32,"column":5}},"line":18},"2":{"name":"(anonymous_2)","decl":{"start":{"line":34,"column":24},"end":{"line":34,"column":25}},"loc":{"start":{"line":34,"column":30},"end":{"line":36,"column":5}},"line":34},"3":{"name":"(anonymous_3)","decl":{"start":{"line":38,"column":30},"end":{"line":38,"column":31}},"loc":{"start":{"line":38,"column":36},"end":{"line":59,"column":5}},"line":38}},"branchMap":{"0":{"loc":{"start":{"line":11,"column":4},"end":{"line":13,"column":5}},"type":"if","locations":[{"start":{"line":11,"column":4},"end":{"line":13,"column":5}},{"start":{"line":11,"column":4},"end":{"line":13,"column":5}}],"line":11},"1":{"loc":{"start":{"line":19,"column":24},"end":{"line":19,"column":100}},"type":"cond-expr","locations":[{"start":{"line":19,"column":60},"end":{"line":19,"column":93}},{"start":{"line":19,"column":96},"end":{"line":19,"column":100}}],"line":19},"2":{"loc":{"start":{"line":22,"column":6},"end":{"line":24,"column":7}},"type":"if","locations":[{"start":{"line":22,"column":6},"end":{"line":24,"column":7}},{"start":{"line":22,"column":6},"end":{"line":24,"column":7}}],"line":22},"3":{"loc":{"start":{"line":26,"column":8},"end":{"line":28,"column":9}},"type":"if","locations":[{"start":{"line":26,"column":8},"end":{"line":28,"column":9}},{"start":{"line":26,"column":8},"end":{"line":28,"column":9}}],"line":26},"4":{"loc":{"start":{"line":39,"column":24},"end":{"line":39,"column":100}},"type":"cond-expr","locations":[{"start":{"line":39,"column":60},"end":{"line":39,"column":93}},{"start":{"line":39,"column":96},"end":{"line":39,"column":100}}],"line":39},"5":{"loc":{"start":{"line":42,"column":6},"end":{"line":44,"column":7}},"type":"if","locations":[{"start":{"line":42,"column":6},"end":{"line":44,"column":7}},{"start":{"line":42,"column":6},"end":{"line":44,"column":7}}],"line":42},"6":{"loc":{"start":{"line":46,"column":8},"end":{"line":48,"column":9}},"type":"if","locations":[{"start":{"line":46,"column":8},"end":{"line":48,"column":9}},{"start":{"line":46,"column":8},"end":{"line":48,"column":9}}],"line":46},"7":{"loc":{"start":{"line":51,"column":6},"end":{"line":56,"column":7}},"type":"if","locations":[{"start":{"line":51,"column":6},"end":{"line":56,"column":7}},{"start":{"line":51,"column":6},"end":{"line":56,"column":7}}],"line":51},"8":{"loc":{"start":{"line":82,"column":11},"end":{"line":93,"column":16}},"type":"binary-expr","locations":[{"start":{"line":82,"column":11},"end":{"line":82,"column":25}},{"start":{"line":83,"column":10},"end":{"line":93,"column":16}}],"line":82},"9":{"loc":{"start":{"line":85,"column":13},"end":{"line":91,"column":19}},"type":"cond-expr","locations":[{"start":{"line":86,"column":12},"end":{"line":88,"column":21}},{"start":{"line":89,"column":12},"end":{"line":91,"column":19}}],"line":85}},"s":{"0":4,"1":2,"2":2,"3":2,"4":2,"5":2,"6":1,"7":1,"8":1,"9":1,"10":0,"11":0,"12":0,"13":0,"14":0,"15":0,"16":0,"17":0,"18":0,"19":1,"20":0,"21":1,"22":0,"23":0,"24":0,"25":0,"26":0,"27":0,"28":0,"29":0,"30":0,"31":0,"32":0,"33":0,"34":1},"f":{"0":2,"1":0,"2":0,"3":0},"b":{"0":[1,1],"1":[0,0],"2":[0,0],"3":[0,0],"4":[0,0],"5":[0,0],"6":[0,0],"7":[0,0],"8":[1,0],"9":[0,0]},"_coverageSchema":"43e27e138ebf9cfc5966b082cf9a028302ed4184","hash":"406c6afe31789c88daa0de8c331a1838f261403d"}
}
